<?xml version='1.0'?>
<ns2:test-suite xmlns:ns2='urn:model.allure.qatools.yandex.ru' start='1637726892965' stop='1637726893733'>
    <name>The internet website HomePage: As a user i can open the internet website</name>
    <title>The internet website HomePage: As a user i can open the internet website</title>
    <test-cases>
        <test-case start='1637726892966' status='passed' stop='1637726892967'>
            <name></name>
            <title></title>
            <labels>
                <label name='language' value='javascript'/>
                <label name='framework' value='wdio'/>
                <label name='thread' value='0-0'/>
            </labels>
            <parameters>
                <parameter kind='argument' name='browser' value='chrome-96.0.4664.45'/>
            </parameters>
            <steps/>
            <attachments/>
        </test-case>
        <test-case start='1637726892967' status='broken' stop='1637726893731'>
            <name>Given : I open the browser and load the https://the-internet.herokuapp.com/</name>
            <title>Given : I open the browser and load the https://the-internet.herokuapp.com/</title>
            <labels>
                <label name='language' value='javascript'/>
                <label name='framework' value='wdio'/>
                <label name='thread' value='0-0'/>
            </labels>
            <parameters>
                <parameter kind='argument' name='browser' value='chrome-96.0.4664.45'/>
            </parameters>
            <steps>
                <step start='1637726892969' status='passed' stop='1637726893729'>
                    <name>POST /session/:sessionId/url</name>
                    <title>POST /session/:sessionId/url</title>
                    <attachments>
                        <attachment title='Request' source='d1ec0d84-f467-41c4-b834-d7f32a6e9421-attachment.json' type='application/json' size='50'/>
                    </attachments>
                    <steps/>
                </step>
            </steps>
            <attachments/>
            <failure>
                <message>ReferenceError: broser is not defined</message>
                <stack-trace>ReferenceError: broser is not defined
                    at World.&lt;anonymous> (C:\Users\erp_w\OneDrive\Desktop\WebdriverioCucumber\features\step-definitions\home.steps.js:7:3)
                    at processTicksAndRejections (node:internal/process/task_queues:96:5)</stack-trace>
            </failure>
        </test-case>
        <test-case start='1637726893731' status='broken' stop='1637726893731'>
            <name>Then : I should see the header with the &lt;HeaderText></name>
            <title>Then : I should see the header with the &lt;HeaderText></title>
            <labels>
                <label name='language' value='javascript'/>
                <label name='framework' value='wdio'/>
                <label name='thread' value='0-0'/>
            </labels>
            <parameters>
                <parameter kind='argument' name='browser' value='chrome-96.0.4664.45'/>
            </parameters>
            <steps/>
            <attachments/>
            <failure>
                <message>Step ": I should see the header with the &lt;HeaderText>" is not defined. You can ignore this error by setting cucumberOpts.ignoreUndefinedDefinitions as true.</message>
                <stack-trace>Step ": I should see the header with the &lt;HeaderText>" is not defined. You can ignore this error by setting cucumberOpts.ignoreUndefinedDefinitions as true.
                	at Feature(C:\Users\erp_w\OneDrive\Desktop\WebdriverioCucumber\features\home.feature):1:1
                	at Scenario(As a user i can open the internet website):2:2
                	at Step(: I should see the header with the &lt;HeaderText>):4:2
                </stack-trace>
            </failure>
        </test-case>
        <test-case start='1637726893731' status='passed' stop='1637726893732'>
            <name></name>
            <title></title>
            <labels>
                <label name='language' value='javascript'/>
                <label name='framework' value='wdio'/>
                <label name='thread' value='0-0'/>
            </labels>
            <parameters>
                <parameter kind='argument' name='browser' value='chrome-96.0.4664.45'/>
            </parameters>
            <steps/>
            <attachments/>
        </test-case>
    </test-cases>
</ns2:test-suite>